"R.version.3.3.2..2016.10.31."
"Platform: x86_64-apple-darwin13.4.0 (64-bit)"
"Running under: OS X El Capitan 10.11.3"
"locale:"
"[1] en_US.UTF-8/en_US.UTF-8/en_US.UTF-8/C/en_US.UTF-8/en_US.UTF-8"
"attached base packages:"
"[1] grid      stats     graphics  grDevices utils     datasets  methods   base     "
"other attached packages:"
" [1] extrafont_0.17       viridis_0.3.4        tidyr_0.6.0          scales_0.4.1        "
" [5] dplyr_0.5.0          ggExtra_0.6          gridExtra_2.2.1      hash_2.2.6          "
" [9] RecordLinkage_0.4-10 ffbase_0.12.3        ff_2.2-13            bit_1.1-12          "
"[13] RSQLite_1.1-1        DBI_0.5-1            shinyjs_0.9          markdown_0.7.7      "
"[17] plotly_4.5.6         ggplot2_2.2.1        shinyBS_0.61         shiny_0.14.2        "
"loaded via a namespace (and not attached):"
" [1] purrr_0.2.2       splines_3.3.2     lattice_0.20-34   colorspace_1.3-2  miniUI_0.1.1     "
" [6] htmltools_0.3.5   viridisLite_0.1.3 yaml_2.1.14       base64enc_0.1-3   survival_2.39-5  "
"[11] prodlim_1.5.7     e1071_1.6-7       plyr_1.8.4        lava_1.4.6        munsell_0.4.3    "
"[16] gtable_0.2.0      htmlwidgets_0.8   memoise_1.0.0     ada_2.0-5         httpuv_1.3.3     "
"[21] class_7.3-14      evd_2.3-2         Rttf2pt1_1.3.4    Rcpp_0.12.8       xtable_1.8-2     "
"[26] ipred_0.9-5       jsonlite_1.2      mime_0.5          fastmatch_1.0-4   digest_0.6.10    "
"[31] tools_3.3.2       magrittr_1.5      lazyeval_0.2.0    tibble_1.2        extrafontdb_1.0  "
"[36] MASS_7.3-45       Matrix_1.2-7.1    data.table_1.10.0 assertthat_0.1    httr_1.2.1       "
"[41] R6_2.2.0          rpart_4.1-10      nnet_7.3-12      "
" "
" "
"MSstatsqc - dataProcess function"
" "
"The column names : provided - okay"
